[11:47:30] [main/INFO] (FabricLoader) Loading for game Minecraft 1.17.1
[11:47:31] [main/INFO] (Fabric|Loader) [FabricLoader] Loading 48 mods:
	- fabric@0.36.1+1.17
	- fabric-api-base@0.3.0+a02b446313
	- fabric-api-lookup-api-v1@1.2.0+2b5c62d013
	- fabric-biome-api-v1@3.1.11+c345aea813
	- fabric-blockrenderlayer-v1@1.1.5+a02b446313
	- fabric-command-api-v1@1.1.2+6cefd57713
	- fabric-commands-v0@0.2.2+92519afa13
	- fabric-containers-v0@0.1.12+a02b446313
	- fabric-content-registries-v0@0.2.2+a02b446313
	- fabric-crash-report-info-v1@0.1.5+be9da31013
	- fabric-dimensions-v1@2.0.11+6cefd57713
	- fabric-entity-events-v1@1.1.0+a02b446313
	- fabric-events-interaction-v0@0.4.9+a722d8c013
	- fabric-events-lifecycle-v0@0.2.1+92519afa13
	- fabric-game-rule-api-v1@1.0.7+6cefd57713
	- fabric-item-api-v1@1.2.4+a02b446313
	- fabric-item-groups-v0@0.2.10+b7ab612113
	- fabric-key-binding-api-v1@1.0.4+a02b446313
	- fabric-keybindings-v0@0.2.2+36b77c3e13
	- fabric-lifecycle-events-v1@1.4.4+a02b446313
	- fabric-loot-tables-v1@1.0.4+a02b446313
	- fabric-mining-levels-v0@0.1.3+92519afa13
	- fabric-models-v0@0.3.0+a02b446313
	- fabric-networking-api-v1@1.0.12+6cefd57713
	- fabric-networking-blockentity-v0@0.2.11+a02b446313
	- fabric-networking-v0@0.3.2+92519afa13
	- fabric-object-builder-api-v1@1.10.9+b7ab612113
	- fabric-object-builders-v0@0.7.3+a02b446313
	- fabric-particles-v1@0.2.4+a02b446313
	- fabric-registry-sync-v0@0.7.10+e2961fee13
	- fabric-renderer-api-v1@0.4.4+5f02c96913
	- fabric-renderer-indigo@0.4.8+a02b446313
	- fabric-renderer-registries-v1@3.2.0+a02b446313
	- fabric-rendering-data-attachment-v1@0.1.5+a02b446313
	- fabric-rendering-fluids-v1@0.1.13+a02b446313
	- fabric-rendering-v0@1.1.2+92519afa13
	- fabric-rendering-v1@1.6.0+a02b446313
	- fabric-resource-loader-v0@0.4.7+b7ab612113
	- fabric-screen-api-v1@1.0.4+155f865c13
	- fabric-screen-handler-api-v1@1.1.8+a02b446313
	- fabric-structure-api-v1@1.1.12+6cefd57713
	- fabric-tag-extensions-v0@1.1.4+a02b446313
	- fabric-textures-v0@1.0.6+a02b446313
	- fabric-tool-attribute-api-v1@1.2.12+b7ab612113
	- fabricloader@0.11.6
	- java@16
	- minecraft@1.17.1
	- test@0.0.1
[11:47:31] [main/INFO] (mixin) SpongePowered MIXIN Subsystem Version=0.8.2 Source=file:/C:/Users/sknew/.gradle/caches/modules-2/files-2.1/net.fabricmc/sponge-mixin/0.9.4+mixin.0.8.2/ef410951e94c7f4939cc74c86f8df371827818a4/sponge-mixin-0.9.4+mixin.0.8.2.jar Service=Knot/Fabric Env=CLIENT
[11:47:31] [main/INFO] (Fabric|MixinBootstrap) Loaded Fabric development mappings for mixin remapper!
[11:47:31] [main/INFO] (mixin) Compatibility level set to JAVA_16
[11:47:31] [main/WARN] (mixin) @Mixin target net/minecraft/server/world/ServerWorld$ServerEntityHandler is public in fabric-lifecycle-events-v1.mixins.json:ServerWorldEntityLoaderMixin and should be specified in value
[11:47:31] [main/WARN] (mixin) @Mixin target net/minecraft/client/world/ClientWorld$ClientEntityHandler is public in fabric-lifecycle-events-v1.mixins.json:client.ClientWorldEntityLoaderMixin and should be specified in value
[11:47:32] [main/WARN] (mixin) @Mixin target net/minecraft/client/render/block/BlockModelRenderer$AmbientOcclusionCalculator is public in fabric-renderer-indigo.mixins.json:MixinAmbientOcclusionCalculator and should be specified in value
[11:47:32] [main/WARN] (mixin) @Mixin target net/minecraft/client/render/chunk/ChunkBuilder$BuiltChunk$RebuildTask is public in fabric-renderer-indigo.mixins.json:MixinChunkRebuildTask and should be specified in value
[11:47:32] [main/WARN] (mixin) @Mixin target net/minecraft/server/network/ServerPlayNetworkHandler$1 is public in fabric-events-interaction-v0.mixins.json:MixinServerPlayNetworkHandler and should be specified in value
[11:47:32] [main/WARN] (mixin) @Mixin target net/minecraft/village/TradeOffers$TypeAwareBuyForOneEmeraldFactory is public in fabric-object-builder-v1.mixins.json:TypeAwareTradeMixin and should be specified in value
[11:47:32] [main/WARN] (mixin) @Mixin target net/minecraft/client/font/FontManager$1 is public in fabric-resource-loader-v0.mixins.json:client.FontManagerResourceReloadListenerMixin and should be specified in value
[11:47:32] [main/WARN] (mixin) @Mixin target net/minecraft/server/command/GameRuleCommand$1 is public in fabric-game-rule-api-v1.mixins.json:GameRuleCommandVisitorMixin and should be specified in value
[11:47:32] [main/WARN] (mixin) @Mixin target net/minecraft/client/gui/screen/world/EditGameRulesScreen$RuleListWidget$1 is public in fabric-game-rule-api-v1.mixins.json:client.RuleListWidgetVisitorMixin and should be specified in value
[11:47:32] [main/WARN] (mixin) @Mixin target net/minecraft/server/world/ThreadedAnvilChunkStorage$EntityTracker is public in fabric-networking-api-v1.mixins.json:accessor.EntityTrackerAccessor and should be specified in value
[11:47:32] [main/WARN] (mixin) @Mixin target net/minecraft/client/particle/ParticleManager$SimpleSpriteProvider is public in fabric-particles-v1.mixins.json:ParticleManagerAccessor$SimpleSpriteProviderAccessor and should be specified in value
[11:47:32] [main/WARN] (mixin) @Mixin target net/minecraft/data/server/AbstractTagProvider$ObjectBuilder is public in fabric-tag-extensions-v0.mixins.json:MixinObjectBuilder and should be specified in value
[11:47:32] [main/WARN] (mixin) @Mixin target net/minecraft/tag/RequiredTagList$TagWrapper is public in fabric-tag-extensions-v0.mixins.json:MixinTagImpl and should be specified in value
[11:47:33] [main/WARN] (FileUtil) Configuration conflict: there is more than one oshi.properties file on the classpath
[11:47:33] [main/WARN] (FileUtil) Configuration conflict: there is more than one oshi.architecture.properties file on the classpath
[11:47:42] [Render thread/INFO] (Minecraft) Environment: authHost='https://authserver.mojang.com', accountsHost='https://api.mojang.com', sessionHost='https://sessionserver.mojang.com', servicesHost='https://api.minecraftservices.com', name='PROD'
[11:47:43] [Render thread/ERROR] (Minecraft) Failed to verify authentication
com.mojang.authlib.exceptions.InvalidCredentialsException: Status: 401
	at com.mojang.authlib.exceptions.MinecraftClientHttpException.toAuthenticationException(MinecraftClientHttpException.java:56) ~[authlib-2.3.31.jar:?]
	at com.mojang.authlib.yggdrasil.YggdrasilSocialInteractionsService.checkPrivileges(YggdrasilSocialInteractionsService.java:112) ~[authlib-2.3.31.jar:?]
	at com.mojang.authlib.yggdrasil.YggdrasilSocialInteractionsService.<init>(YggdrasilSocialInteractionsService.java:42) ~[authlib-2.3.31.jar:?]
	at com.mojang.authlib.yggdrasil.YggdrasilAuthenticationService.createSocialInteractionsService(YggdrasilAuthenticationService.java:151) ~[authlib-2.3.31.jar:?]
	at net.minecraft.client.MinecraftClient.createSocialInteractionsService(MinecraftClient.java:683) [minecraft-1.17.1-mapped-net.fabricmc.yarn-1.17.1+build.1-v2.jar:?]
	at net.minecraft.client.MinecraftClient.<init>(MinecraftClient.java:496) [minecraft-1.17.1-mapped-net.fabricmc.yarn-1.17.1+build.1-v2.jar:?]
	at net.minecraft.client.main.Main.main(Main.java:153) [minecraft-1.17.1-mapped-net.fabricmc.yarn-1.17.1+build.1-v2.jar:?]
	at jdk.internal.reflect.NativeMethodAccessorImpl.invoke0(Native Method) ~[?:?]
	at jdk.internal.reflect.NativeMethodAccessorImpl.invoke(NativeMethodAccessorImpl.java:78) ~[?:?]
	at jdk.internal.reflect.DelegatingMethodAccessorImpl.invoke(DelegatingMethodAccessorImpl.java:43) ~[?:?]
	at java.lang.reflect.Method.invoke(Method.java:567) ~[?:?]
	at net.fabricmc.loader.game.MinecraftGameProvider.launch(MinecraftGameProvider.java:234) [fabric-loader-0.11.6.jar:?]
	at net.fabricmc.loader.launch.knot.Knot.launch(Knot.java:153) [fabric-loader-0.11.6.jar:?]
	at net.fabricmc.loader.launch.knot.KnotClient.main(KnotClient.java:28) [fabric-loader-0.11.6.jar:?]
	at net.fabricmc.devlaunchinjector.Main.main(Main.java:86) [dev-launch-injector-0.2.1+build.8.jar:?]
Caused by: com.mojang.authlib.exceptions.MinecraftClientHttpException: Status: 401
	at com.mojang.authlib.minecraft.client.MinecraftClient.readInputStream(MinecraftClient.java:77) ~[authlib-2.3.31.jar:?]
	at com.mojang.authlib.minecraft.client.MinecraftClient.get(MinecraftClient.java:47) ~[authlib-2.3.31.jar:?]
	at com.mojang.authlib.yggdrasil.YggdrasilSocialInteractionsService.checkPrivileges(YggdrasilSocialInteractionsService.java:104) ~[authlib-2.3.31.jar:?]
	... 13 more
[11:47:43] [Render thread/INFO] (Minecraft) Setting user: Player459
[11:47:43] [Render thread/INFO] (Minecraft) [STDOUT]: Yo Ashlee Is Really Short
[11:47:44] [Render thread/WARN] (mixin) @Inject(@At("INVOKE")) Shift.BY=3 on fabric-lifecycle-events-v1.mixins.json:client.WorldChunkMixin::handler$zzn000$onLoadBlockEntity exceeds the maximum allowed value: 0. Increase the value of maxShiftBy to suppress this warning.
[11:47:44] [Render thread/INFO] (Indigo) [Indigo] Registering Indigo renderer!
[11:47:44] [Render thread/INFO] (Minecraft) Backend library: LWJGL version 3.2.2 build 10
[11:47:49] [Render thread/INFO] (Minecraft) Narrator library for x64 successfully loaded
[11:47:49] [Render thread/INFO] (Minecraft) Reloading ResourceManager: Default, Fabric Mods (Fabric Renderer API (v1), Fabric Networking Block Entity (v0), Fabric Screen Handler API (v1), Fabric Key Bindings (v0), Fabric Command API (v1), Fabric Loader, Fabric Screen API (v1), Fabric Tool Attribute API (v1), Fabric Renderer - Indigo, Fabric Structure API (v1), Fabric Containers (v0), Fabric Dimensions API (v1), Fabric Object Builder API (v1), Fabric Events Interaction (v0), Fabric Crash Report Info (v1), Fabric Item API (v1), Fabric Game Rule API (v1), Fabric Entity Events (v1), Fabric API Base, Fabric Rendering (v0), Fabric Key Binding API (v1), Fabric Rendering (v1), Fabric Rendering Data Attachment (v1), Fabric Resource Loader (v0), Test Mod, Fabric Textures (v0), Fabric Content Registries (v0), Fabric Tag Extensions (v0), Fabric Rendering Fluids (v1), Fabric Biome API (v1), Fabric Commands (v0), Fabric Registry Sync (v0), Fabric BlockRenderLayer Registration (v1), Fabric Lifecycle Events (v1), Fabric Mining Levels (v0), Fabric Renderer Registries (v1), Fabric Networking API (v1), Fabric Events Lifecycle (v0), Fabric Loot Tables (v1), Fabric API, Fabric Item Groups (v0), Fabric Models (v0), Fabric Particles (v1), Fabric Networking (v0), Fabric Object Builders (v0), Fabric API Lookup API (v1))
[11:47:51] [Realms Notification Availability checker #1/INFO] (Minecraft) Could not authorize you against Realms server: Invalid session id
[11:48:02] [Worker-Main-8/WARN] (Minecraft) Texture test:item/fabric_item with size 16x15 limits mip level from 4 to 0
[11:48:02] [Worker-Main-8/WARN] (Minecraft) minecraft:textures/atlas/blocks.png: dropping miplevel from 4 to 0, because of minimum power of two: 1
[11:48:04] [Render thread/INFO] (Minecraft) OpenAL initialized.
[11:48:04] [Render thread/INFO] (Minecraft) Sound engine started
[11:48:05] [Render thread/INFO] (Minecraft) Created: 1024x1024x0 minecraft:textures/atlas/blocks.png-atlas
[11:48:05] [Render thread/INFO] (Minecraft) Created: 256x128x4 minecraft:textures/atlas/signs.png-atlas
[11:48:05] [Render thread/INFO] (Minecraft) Created: 1024x512x4 minecraft:textures/atlas/banner_patterns.png-atlas
[11:48:05] [Render thread/INFO] (Minecraft) Created: 1024x512x4 minecraft:textures/atlas/shield_patterns.png-atlas
[11:48:05] [Render thread/INFO] (Minecraft) Created: 256x256x4 minecraft:textures/atlas/chest.png-atlas
[11:48:05] [Render thread/INFO] (Minecraft) Created: 512x256x4 minecraft:textures/atlas/beds.png-atlas
[11:48:05] [Render thread/INFO] (Minecraft) Created: 512x256x4 minecraft:textures/atlas/shulker_boxes.png-atlas
[11:48:10] [Render thread/INFO] (Minecraft) Created: 256x256x0 minecraft:textures/atlas/particles.png-atlas
[11:48:10] [Render thread/INFO] (Minecraft) Created: 256x256x0 minecraft:textures/atlas/paintings.png-atlas
[11:48:10] [Render thread/INFO] (Minecraft) Created: 256x128x0 minecraft:textures/atlas/mob_effects.png-atlas
[11:49:51] [Render thread/INFO] (BiomeModificationImpl) Applied 0 biome modifications to 0 of 81 new biomes in 1.269 ms
[11:49:51] [Render thread/WARN] (Minecraft) Ambiguity between arguments [teleport, location] and [teleport, destination] with inputs: [0.1 -0.5 .9, 0 0 0]
[11:49:51] [Render thread/WARN] (Minecraft) Ambiguity between arguments [teleport, location] and [teleport, targets] with inputs: [0.1 -0.5 .9, 0 0 0]
[11:49:51] [Render thread/WARN] (Minecraft) Ambiguity between arguments [teleport, destination] and [teleport, targets] with inputs: [Player, 0123, @e, dd12be42-52a9-4a91-a8a1-11c01849e498]
[11:49:51] [Render thread/WARN] (Minecraft) Ambiguity between arguments [teleport, targets] and [teleport, destination] with inputs: [Player, 0123, dd12be42-52a9-4a91-a8a1-11c01849e498]
[11:49:51] [Render thread/WARN] (Minecraft) Ambiguity between arguments [teleport, targets, location] and [teleport, targets, destination] with inputs: [0.1 -0.5 .9, 0 0 0]
[11:49:51] [Render thread/INFO] (Minecraft) Reloading ResourceManager: Default, Fabric Mods (Fabric Tool Attribute API (v1))
[11:49:52] [Render thread/INFO] (Minecraft) Loaded 7 recipes
[11:49:52] [Render thread/INFO] (Minecraft) Loaded 1137 advancements
[11:49:53] [Render thread/INFO] (Minecraft) Environment: authHost='https://authserver.mojang.com', accountsHost='https://api.mojang.com', sessionHost='https://sessionserver.mojang.com', servicesHost='https://api.minecraftservices.com', name='PROD'
[11:49:53] [Server thread/INFO] (Minecraft) Starting integrated minecraft server version 1.17.1
[11:49:53] [Server thread/INFO] (Minecraft) Generating keypair
[11:49:53] [Server thread/INFO] (Minecraft) Preparing start region for dimension minecraft:overworld
[11:49:53] [Render thread/INFO] (Minecraft) Preparing spawn area: 0%
[11:49:55] [Render thread/INFO] (Minecraft) Preparing spawn area: 0%
[11:49:55] [Render thread/INFO] (Minecraft) Preparing spawn area: 0%
[11:49:55] [Render thread/INFO] (Minecraft) Preparing spawn area: 0%
[11:49:55] [Render thread/INFO] (Minecraft) Preparing spawn area: 0%
[11:49:55] [Render thread/INFO] (Minecraft) Preparing spawn area: 16%
[11:49:56] [Render thread/INFO] (Minecraft) Preparing spawn area: 75%
[11:49:56] [Render thread/INFO] (Minecraft) Preparing spawn area: 83%
[11:49:57] [Render thread/INFO] (Minecraft) Preparing spawn area: 93%
[11:49:58] [Render thread/INFO] (Minecraft) Preparing spawn area: 98%
[11:49:58] [Render thread/INFO] (Minecraft) Time elapsed: 4601 ms
[11:49:58] [Server thread/INFO] (Minecraft) Changing view distance to 11, from 10
[11:49:58] [Server thread/INFO] (Minecraft) Player459[local:E:055f925e] logged in with entity id 256 at (-264.74657859096243, 67.0, 7.705770321650404)
[11:49:58] [Server thread/INFO] (Minecraft) Player459 joined the game
[11:49:58] [Netty Local Client IO #0/INFO] (BiomeModificationImpl) Applied 0 biome modifications to 0 of 81 new biomes in 210.1 μs
[11:49:59] [Server thread/INFO] (Minecraft) Saving and pausing game...
[11:49:59] [Server thread/INFO] (Minecraft) Saving chunks for level 'ServerLevel[New World]'/minecraft:overworld
[11:49:59] [Render thread/INFO] (Minecraft) Loaded 20 advancements
[11:49:59] [Server thread/INFO] (Minecraft) Saving chunks for level 'ServerLevel[New World]'/minecraft:the_nether
[11:49:59] [Server thread/INFO] (Minecraft) Saving chunks for level 'ServerLevel[New World]'/minecraft:the_end
[11:50:30] [Server thread/INFO] (Minecraft) Saving and pausing game...
[11:50:30] [Server thread/INFO] (Minecraft) Saving chunks for level 'ServerLevel[New World]'/minecraft:overworld
[11:50:31] [Server thread/INFO] (Minecraft) Saving chunks for level 'ServerLevel[New World]'/minecraft:the_nether
[11:50:31] [Server thread/INFO] (Minecraft) Saving chunks for level 'ServerLevel[New World]'/minecraft:the_end
[11:51:03] [Server thread/INFO] (Minecraft) [Player459: Gave 1 [Fabric] to Player459]
[11:51:03] [Render thread/INFO] (Minecraft) [CHAT] Gave 1 [Fabric] to Player459
[11:51:19] [Render thread/INFO] (Minecraft) Loaded 26 advancements
[11:51:27] [Server thread/INFO] (Minecraft) Saving and pausing game...
[11:51:27] [Server thread/INFO] (Minecraft) Saving chunks for level 'ServerLevel[New World]'/minecraft:overworld
[11:51:27] [Server thread/INFO] (Minecraft) Saving chunks for level 'ServerLevel[New World]'/minecraft:the_nether
[11:51:27] [Server thread/INFO] (Minecraft) Saving chunks for level 'ServerLevel[New World]'/minecraft:the_end
[11:51:27] [Server thread/INFO] (Minecraft) Player459 lost connection: Disconnected
[11:51:27] [Server thread/INFO] (Minecraft) Player459 left the game
[11:51:27] [Server thread/INFO] (Minecraft) Stopping singleplayer server as player logged out
[11:51:27] [Server thread/INFO] (Minecraft) Stopping server
[11:51:27] [Server thread/INFO] (Minecraft) Saving players
[11:51:27] [Server thread/INFO] (Minecraft) Saving worlds
[11:51:27] [Server thread/INFO] (Minecraft) Saving chunks for level 'ServerLevel[New World]'/minecraft:overworld
[11:51:28] [Server thread/INFO] (Minecraft) Saving chunks for level 'ServerLevel[New World]'/minecraft:the_nether
[11:51:28] [Server thread/INFO] (Minecraft) Saving chunks for level 'ServerLevel[New World]'/minecraft:the_end
[11:51:28] [Server thread/INFO] (Minecraft) ThreadedAnvilChunkStorage (New World): All chunks are saved
[11:51:28] [Server thread/INFO] (Minecraft) ThreadedAnvilChunkStorage (DIM-1): All chunks are saved
[11:51:28] [Server thread/INFO] (Minecraft) ThreadedAnvilChunkStorage (DIM1): All chunks are saved
[11:51:28] [Server thread/INFO] (Minecraft) ThreadedAnvilChunkStorage: All dimensions are saved
